{"level":"info","message":"Server is running on port 3000"}
{"level":"error","message":"Failed to save inventory: Cannot read properties of undefined (reading 'Body')"}
{"level":"error","message":"Failed to save inventory: Cannot read properties of undefined (reading 'Body')"}
{"level":"error","message":"Failed to save inventory: _a.transformToString is not a function"}
{"level":"error","message":"Authentication failed: Cannot set properties of undefined (setting 'user')"}
{"level":"warn","message":"Retry 1/3 failed: Request failed with status code 500"}
{"level":"warn","message":"Retry 2/3 failed: Request failed with status code 500"}
{"level":"error","message":"Authentication failed: Request failed with status code 500"}
{"level":"error","message":"Authentication failed: Cannot set properties of undefined (setting 'user')"}
{"level":"warn","message":"Retry 1/3 failed: Request failed with status code 500"}
{"level":"warn","message":"Retry 2/3 failed: Request failed with status code 500"}
{"level":"error","message":"Authentication failed: Request failed with status code 500"}
{"level":"error","message":"Authentication failed: Cannot set properties of undefined (setting 'user')"}
{"level":"warn","message":"Retry 1/3 failed: Request failed with status code 500"}
{"level":"warn","message":"Retry 2/3 failed: Request failed with status code 500"}
{"level":"error","message":"Authentication failed: Request failed with status code 500"}
{"level":"error","message":"Authentication failed: Cannot set properties of undefined (setting 'user')"}
{"level":"warn","message":"Retry 1/3 failed: Request failed with status code 500"}
{"level":"warn","message":"Retry 2/3 failed: Request failed with status code 500"}
{"level":"error","message":"Authentication failed: Request failed with status code 500"}
{"level":"warn","message":"Retry 1/3 failed: Request failed with status code 500"}
{"level":"warn","message":"Retry 2/3 failed: Request failed with status code 500"}
{"level":"error","message":"Authentication failed: Request failed with status code 500"}
{"level":"warn","message":"Retry 1/3 failed: Request failed with status code 500"}
{"level":"warn","message":"Retry 2/3 failed: Request failed with status code 500"}
{"level":"error","message":"Authentication failed: Request failed with status code 500"}
{"level":"warn","message":"Retry 1/3 failed: Request failed with status code 500"}
{"level":"warn","message":"Retry 2/3 failed: Request failed with status code 500"}
{"level":"error","message":"Authentication failed: Request failed with status code 500"}
{"level":"warn","message":"Retry 1/3 failed: Request failed with status code 500"}
{"level":"warn","message":"Retry 2/3 failed: Request failed with status code 500"}
{"level":"error","message":"Authentication failed: Request failed with status code 500"}
{"level":"warn","message":"Retry 1/3 failed: Request failed with status code 500"}
{"level":"warn","message":"Retry 2/3 failed: Request failed with status code 500"}
{"level":"error","message":"Authentication failed: Request failed with status code 500"}
{"level":"warn","message":"Retry 1/3 failed: Request failed with status code 500"}
{"level":"warn","message":"Retry 2/3 failed: Request failed with status code 500"}
{"level":"error","message":"Authentication failed: Request failed with status code 500"}
